<?xml version="1.0" encoding="UTF-8"?>
<testng-results ignored="0" total="1" passed="1" failed="0" skipped="0">
  <reporter-output>
  </reporter-output>
  <suite started-at="2022-12-22T06:45:46Z" name="EcommerceLuma_Project" finished-at="2022-12-22T06:46:15Z" duration-ms="28402">
    <groups>
      <group name="cucumber">
        <method signature="AbstractTestNGCucumberTests.runScenario(io.cucumber.testng.PickleWrapper, io.cucumber.testng.FeatureWrapper)[pri:0, instance:luma.us.myRunner.MyRunner@906d29b]" name="runScenario" class="io.cucumber.testng.AbstractTestNGCucumberTests"/>
      </group> <!-- cucumber -->
    </groups>
    <test started-at="2022-12-22T06:45:46Z" name="smoke" finished-at="2022-12-22T06:46:15Z" duration-ms="28402">
      <class name="luma.us.myRunner.MyRunner">
        <test-method is-config="true" signature="setUpClass()[pri:0, instance:luma.us.myRunner.MyRunner@906d29b]" started-at="2022-12-22T06:45:46Z" name="setUpClass" finished-at="2022-12-22T06:45:47Z" duration-ms="406" status="PASS">
          <reporter-output>
          </reporter-output>
        </test-method> <!-- setUpClass -->
        <test-method signature="runScenario(io.cucumber.testng.PickleWrapper, io.cucumber.testng.FeatureWrapper)[pri:0, instance:luma.us.myRunner.MyRunner@906d29b]" started-at="2022-12-22T06:45:47Z" name="runScenario" description="Runs Cucumber Scenarios" data-provider="scenarios" finished-at="2022-12-22T06:46:15Z" duration-ms="27791" status="PASS">
          <params>
            <param index="0">
              <value>
                <![CDATA["User can login to the application with valid credentials and purchase the specific men's jacket."]]>
              </value>
            </param>
            <param index="1">
              <value>
                <![CDATA["Optional[valid user can purchase the men jacket.]"]]>
              </value>
            </param>
          </params>
          <reporter-output>
          </reporter-output>
        </test-method> <!-- runScenario -->
        <test-method is-config="true" signature="tearDownClass()[pri:0, instance:luma.us.myRunner.MyRunner@906d29b]" started-at="2022-12-22T06:46:15Z" name="tearDownClass" finished-at="2022-12-22T06:46:15Z" duration-ms="180" status="PASS">
          <reporter-output>
          </reporter-output>
        </test-method> <!-- tearDownClass -->
      </class> <!-- luma.us.myRunner.MyRunner -->
    </test> <!-- smoke -->
  </suite> <!-- EcommerceLuma_Project -->
</testng-results>
